2025-08-07 20:33:56,101 - utils.common_functions - INFO - Reading Yaml File : config/config.yaml
2025-08-07 20:33:56,104 - utils.common_functions - INFO - Loading all the config file successfully
2025-08-07 20:33:56,104 - src.data_ingestion - INFO - Start the Ingestion Process Through run method
2025-08-07 20:33:56,105 - src.data_ingestion - INFO - Creating artifacts/raw for downloading the raw data
2025-08-07 20:33:56,105 - src.data_ingestion - INFO - Downloading Data from gDrive
2025-08-07 20:34:05,510 - src.data_ingestion - INFO - Successfully downloaded
2025-08-07 20:34:05,611 - src.data_ingestion - INFO - Starting Train test split
2025-08-07 20:34:05,628 - src.data_ingestion - INFO - Train Test Split Occur Successfully
2025-08-07 20:34:05,781 - src.data_ingestion - INFO - Train Data is saved in artifacts/raw/train.csv
2025-08-07 20:34:05,817 - src.data_ingestion - INFO - Test Data is saved successfully in : artifacts/raw/test.csv
2025-08-07 20:34:05,818 - src.data_ingestion - INFO - Files are saved successfully
2025-08-07 20:34:05,820 - src.data_ingestion - INFO - Downloading data & Splitting it into Train and Test occurred Successfully
2025-08-07 20:34:05,820 - src.data_ingestion - INFO - Data Ingestion Step is Completed Successfully
2025-08-07 20:34:05,820 - utils.common_functions - INFO - Reading Yaml File : config/config.yaml
2025-08-07 20:34:05,822 - utils.common_functions - INFO - Loading all the config file successfully
2025-08-07 20:34:05,822 - src.data_processing - INFO - Create Processing Folder
2025-08-07 20:34:05,822 - src.data_processing - INFO - Running the Whole Process
2025-08-07 20:34:05,823 - src.data_processing - INFO - Starting the PreProcessing Steps
2025-08-07 20:34:05,823 - src.data_processing - INFO - Loading the CSV File
2025-08-07 20:34:05,823 - utils.common_functions - INFO - Reading the CSV file from : artifacts/raw/raw.csv
2025-08-07 20:34:05,916 - utils.common_functions - INFO - Data read Successfully
2025-08-07 20:34:05,916 - src.data_processing - INFO - Dropping the ID Column
2025-08-07 20:34:05,925 - src.data_processing - INFO - Splitting Data Columns into Categorical and Numerical
2025-08-07 20:34:05,933 - src.data_processing - INFO - Creating the pipeline & ColumnTransformer
2025-08-07 20:34:05,934 - src.data_processing - INFO - Train Test Split
2025-08-07 20:34:05,946 - src.data_processing - INFO - x_train shape :(29020, 17)
2025-08-07 20:34:05,947 - src.data_processing - INFO - x_test shape :(7255, 17)
2025-08-07 20:34:05,947 - src.data_processing - INFO - y_train shape :(29020,)
2025-08-07 20:34:05,947 - src.data_processing - INFO - y_test shape :(7255,)
2025-08-07 20:34:05,947 - src.data_processing - INFO - Encoding The Target Col
2025-08-07 20:34:05,954 - src.data_processing - INFO - Modeling Stage
2025-08-07 20:34:05,954 - src.data_processing - INFO - Applying pipeline to x_train , y_train
2025-08-07 20:34:07,745 - src.data_processing - INFO - Applying pipeline to x_test
2025-08-07 20:34:07,759 - src.data_processing - INFO - Conversion x_train , x_test into DataFrames
2025-08-07 20:34:08,805 - utils.common_functions - INFO - Reading Yaml File : config/config.yaml
2025-08-07 20:34:08,806 - utils.common_functions - INFO - Loading all the config file successfully
2025-08-07 20:34:08,807 - src.training_data - INFO - Create Training Folder
2025-08-07 20:34:09,801 - src.training_data - INFO - Starting the Training Process
2025-08-07 20:34:09,801 - src.training_data - INFO - Starting MLFLOW Experiment Tracking
2025-08-07 20:34:09,801 - src.training_data - INFO - Logging the Training  and testing dataset into MLFLOW
2025-08-07 20:34:09,920 - src.training_data - INFO - Loading x_train , x_test
2025-08-07 20:34:10,098 - src.training_data - INFO - Loading y_train , y_test
2025-08-07 20:34:10,129 - src.training_data - INFO - Starting the Training Process
2025-08-07 20:34:10,129 - src.training_data - INFO - Starting HyperParameterTuning 
2025-08-07 20:34:10,129 - src.training_data - INFO - Fit Data
2025-08-07 20:34:19,019 - src.training_data - INFO - Getting the best parameters
2025-08-07 20:34:19,020 - src.training_data - INFO - Best Model Parameters: {'boosting_type': 'gbdt', 'learning_rate': np.float64(0.1293700315892974), 'max_depth': 18, 'n_estimators': 314, 'num_leaves': 94}
2025-08-07 20:34:19,020 - src.training_data - INFO - Evaluating the model
2025-08-07 20:34:19,089 - src.training_data - INFO - Accuracy : 0.9035148173673329
2025-08-07 20:34:19,089 - src.training_data - INFO - Precision : 0.9226056769450685
2025-08-07 20:34:19,089 - src.training_data - INFO - Recall : 0.9336639801611903
2025-08-07 20:34:19,089 - src.training_data - INFO - F1 Score : 0.9032161055519792
2025-08-07 20:34:19,089 - src.training_data - INFO - ROC : 0.888396559617019
2025-08-07 20:34:19,089 - src.training_data - INFO - Saving Model
2025-08-07 20:34:19,160 - src.training_data - INFO - Logging the model into MLFLOW
2025-08-07 20:34:24,399 - src.training_data - INFO - Logging Model Params & Metrics into MLFLOW
